

fltrVCF.bash v4.4 -- a script to filter vcf files repeatably

Dependencies required for fltrVCF to be fully functional:
	R
		tidyverse
		gridExtra
	vcftools
	vcflib
	samtools
	perl
	mawk
	parallel
	rad_haplotyper.pl https://github.com/cbirdlab/rad_haplotyper.git
	filter_hwe_by_pop_HPC

Thu Nov 30 14:41:23 EST 2023 Reading options from command line:

	Settings File:            config.fltr.ind.cssl.mono

Thu Nov 30 14:41:23 EST 2023 Reading options from config file and setting defaults
	SETTINGS are being loaded from file: 'config.fltr.ind.cssl.mono'
	Filters are set to '01 02 04 14 05 16 04 13 05 16 17'
	CutoffCode is set to '.rad.RAW-10-10-rescaled'
	BAM_PATH is set to '../mergebams_run1run2'
	SCRIPT_PATH is set to '../../scripts/fltrVCF/scripts'
	VCF_FILE is set to '../mkVCF_monomorphic/TotalRawSNPs.rad.RAW-10-10-rescaled.vcf'
	Bed file is set to '../mkBAMmerge/mapped.rad.RAW-10-10-rescaled.bed'
	Reference genome is set to '../mkBAMmerge/reference.rad.RAW-10-10-rescaled.fasta'
	PopMap is set to '../filterVCF/popmap.rad.RAW-10-10-rescaled.HWEsplit'
	HWE_SCRIPT is set to '../../scripts/fltrVCF/filter_hwe_by_pop_HPC.pl'
	RADHAP_SCRIPT is set to '../../scripts/rad_haplotyper/rad_haplotyper.pl'
	Output file prefix is set to 'gmi.mono'
	The number of threads is set to '40'
	-P not set by user. Only filters that natively support parallelization will be run in parallel.
	../mkVCF_monomorphic/TotalRawSNPs.rad.RAW-10-10-rescaled.vcf will be used for serial processing.

Thu Nov 30 14:41:23 EST 2023 Getting universal chromosome/contig prefix ...
          Querying ../mkVCF_monomorphic/TotalRawSNPs.rad.RAW-10-10-rescaled.vcf ...
          Prefix: dDocent
          It is assumed that all values in the CHROM column of vcf begin with dDocent
          If this is not the case, then fltrVCF will not work properly.
          The prefix is used to count SNPs/variants, contigs, etc and is used in some filters.

Thu Nov 30 14:41:23 EST 2023  reading variables into MAIN

Thu Nov 30 14:41:23 EST 2023 ---------------------------FILTER01: Remove sites with Y < alleles < X -----------------------------
     vcftools --vcf ../mkVCF_monomorphic/TotalRawSNPs.rad.RAW-10-10-rescaled.vcf --min-alleles 1 --max-alleles 1 --recode --recode-INFO-all --out gmi.mono.rad.RAW-10-10-rescaled.Fltr01.1.recode.vcf 2> /dev/null
	Sites remaining:	13711483
	Contigs remaining:	24280


Thu Nov 30 15:39:19 EST 2023 ---------------------------FILTER02: Remove Sites with Indels -----------------------------
     vcftools --vcf gmi.mono.rad.RAW-10-10-rescaled.Fltr01.1.recode.vcf --remove-indels --recode --recode-INFO-all --out gmi.mono.rad.RAW-10-10-rescaled.Fltr02.2.recode.vcf 2> /dev/null
	Sites remaining:	13711278
	Contigs remaining:	24280


Thu Nov 30 16:25:09 EST 2023 ---------------------------FILTER04: Remove Sites With Mean Depth of Coverage < min-meanDP -----------------------------
                                                                                                                        
                                       Histogram of mean depth per site before FILTER04                                 
                                                                                                                        
     8e+06 +--------------------------------------------------------------------------------------------------------+   
           |*         +         +          +         +          +         +          +         +          +         |   
           |*                                          'sitedepthmeanbefore' using (bin($1,binwidth)):(1.0) ******* |   
     7e+06 |*+                                                                                                    +-|   
           |*                                                                                                       |   
           |*                                                                                                       |   
     6e+06 |*+                                                                                                    +-|   
           |*                                                                                                       |   
           |*                                                                                                       |   
     5e+06 |*+                                                                                                    +-|   
           |*                                                                                                       |   
     4e+06 |*+                                                                                                    +-|   
           |*                                                                                                       |   
           |*                                                                                                       |   
     3e+06 |*+                                                                                                    +-|   
           |*                                                                                                       |   
           |*                                                                                                       |   
     2e+06 |*+                                                                                                    +-|   
           |*                                                                                                       |   
           |*                                                                                                       |   
     1e+06 |*+                                                                                                    +-|   
           |*                                                                                                       |   
           |*         +         +          +         +          +         +          +         +          +         |   
         0 +--------------------------------------------------------------------------------------------------------+   
           0          50       100        150       200        250       300        350       400        450       500  
                                                          Mean Depth                                                    
                                                                                                                        
                                                                                                                        
                                    Scatter plot of mean depth per site before FILTER04.                                
                                                                                                                        
     500 +----------------------------------------------------------------------------------------------------------+   
         |              +               +              +              +              +               +              |   
     450 |-+                                                                          'sitedepthmeanbefore'    *  +-|   
         |                                                                                                          |   
         |                                                                                                          |   
     400 |-+                                                                                                      +-|   
         |                                                                                                          |   
     350 |-+                                                                                                      +-|   
         |                                                                                                          |   
     300 |-+                                                                                                      +-|   
         |                                                                                                          |   
     250 |-+                                                                                                      +-|   
         |                                                                                                          |   
         |                                                                                                          |   
     200 |-+                                                                                                      +-|   
         |                                                                                                          |   
     150 |-+                                                                                                      +-|   
         |                                                                                                          |   
     100 |-+                                                                                                      +-|   
         |                                                                                                          |   
         |                                                                                                          |   
      50 |**                                                                                                      +-|   
         | *******      +               +              +              +              +               +              |   
       0 +----------------------------------------------------------------------------------------------------------+   
         0            2e+06           4e+06          6e+06          8e+06          1e+07          1.2e+07        1.4e+07
                                                            Site                                                        
                                                                                                                        
                                                                                                                        
                            Scatter plot of depth variance vs mean depth per site before FILTER04.                      
                                                                                                                        
     6e+06 +--------------------------------------------------------------------------------------------------------+   
           |          +         +          +         +          +         +          +         +          +         |   
           |                                                                          'meandepthVSvariance'    *    |   
           |                                                                                         ***            |   
     5e+06 |-+                                                                                    ******          +-|   
           |                                                                                     ******             |   
           |                                                                                   *  ***               |   
           |                                                                               ***  * *                 |   
     4e+06 |-+                                                                           ****  **                 +-|   
           |                                                                          ***     *                     |   
           |                                                                        * *     *                       |   
     3e+06 |-+                                                                    *       *                       +-|   
           |                                                                                                        |   
           |                                                                                                        |   
           |                                                                                                        |   
     2e+06 |-+                                                                                                    +-|   
           |                                                  *                                                     |   
           |                                               * *   ***                                                |   
           |                                      *       *********       ** ********                               |   
     1e+06 |-+                            ****      ***********  *    ********** *                                +-|   
           |                        *********************  ******************                                       |   
           |                ***********************************  **                         ************            |   
           |          ********************************************************************************* *********** |   
         0 +--------------------------------------------------------------------------------------------------------+   
           0          50       100        150       200        250       300        350       400        450       500  
                                                          Mean Depth                                                    
                                                                                                                        
     vcftools --vcf gmi.mono.rad.RAW-10-10-rescaled.Fltr02.2.recode.vcf --min-meanDP 5 --recode --recode-INFO-all --out gmi.mono.rad.RAW-10-10-rescaled.Fltr04.3.recode.vcf 2> /dev/null
	Sites remaining:	1158575
	Contigs remaining:	7157


Thu Nov 30 16:51:16 EST 2023 ---------------------------FILTER14: If individual's genotype has DP < X, convert to missing data -----------------------------
                                                                                                                        
                                           Histogram of genotype depth before FILTER14                                  
                                                                                                                        
       2e+08 +------------------------------------------------------------------------------------------------------+   
             |    *               +                   +                    +                   +                    |   
     1.8e+08 |-+  *                                    'genotypedepthbefore' using (bin($1,binwidth)):(1.0) *******-|   
             |    *                                                                                                 |   
             |    *                                                                                                 |   
     1.6e+08 |-+  *                                                                                               +-|   
             |    *                                                                                                 |   
     1.4e+08 |-+  *                                                                                               +-|   
             |    *                                                                                                 |   
     1.2e+08 |-+  *                                                                                               +-|   
             |    *                                                                                                 |   
       1e+08 |-+  *                                                                                               +-|   
             |    *                                                                                                 |   
             |    *                                                                                                 |   
       8e+07 |-+  *                                                                                               +-|   
             |    *                                                                                                 |   
       6e+07 |-+  *                                                                                               +-|   
             |    *                                                                                                 |   
       4e+07 |-+  ******                                                                                          +-|   
             |    *    ******                                                                                       |   
             |    *    *    *******                                                                                 |   
       2e+07 |-+  *    *    *     ******                                                                          +-|   
             |    *    *    *     *    ***************************         +                   +                    |   
           0 +------------------------------------------------------------------------------------------------------+   
             0                    20                  40                   60                  80                  100  
                                                              Depth                                                     
                                                                                                                        
                                                                                                                        
                                    Scatter plot of mean depth per site before FILTER14.                                
                                                                                                                        
     100 +----------------------------------------------------------------------------------------------------------+   
         |  *         +             +            +            +             +            +             +            |   
         |  *                                                                         'genotypedepthbefore'    *    |   
         |  **                                                                                                      |   
         |   *                                                                                                      |   
      80 |-+ *                                                                                                    +-|   
         |   **                                                                                                     |   
         |    *                                                                                                     |   
         |    **                                                                                                    |   
      60 |-+   **                                                                                                 +-|   
         |      *                                                                                                   |   
         |      **                                                                                                  |   
 Depth   |       **                                                                                                 |   
         |        ***                                                                                               |   
      40 |-+        ***                                                                                           +-|   
         |            **                                                                                            |   
         |             ****                                                                                         |   
         |                ****                                                                                      |   
      20 |-+                 *****                                                                                +-|   
         |                       ******                                                                             |   
         |                            *********                                                                     |   
         |                                    *********                                                             |   
         |            +             +            +    ***************       +            +             +            |   
       0 +----------------------------------------------------------------------------------------------------------+   
         0          5e+07         1e+08       1.5e+08       2e+08        2.5e+08       3e+08        3.5e+08       4e+08 
                                                          Genotype                                                      
                                                                                                                        
     vcftools --vcf gmi.mono.rad.RAW-10-10-rescaled.Fltr04.3.recode.vcf --minDP 5 --recode --recode-INFO-all --out gmi.mono.rad.RAW-10-10-rescaled.Fltr14.4.recode.vcf 2> /dev/null | vcffixup -
	Sites remaining:	1158575
	Contigs remaining:	7157


Thu Nov 30 18:08:52 EST 2023 ---------------------------FILTER05: Remove sites called in <X proportion of individuals -----------------------------
                                                                                                                        
                                    Histogram of the proportion of genotypes that are missing                           
                                                                                                                        
     160000 +-------------------------------------------------------------------------------------------------------+   
            |                    +              *     ******              +                    +                    |   
            |                                   *     *    ******issingness' using (bin($1,binwidth)):(1.0) ******* |   
     140000 |-+                                 *     *    *    *                                                 +-|   
            |                                   *     *    *    *                                                   |   
            |                                   *     *    *    ***********                                         |   
     120000 |-+                                 *     *    *    *    *    *******                                 +-|   
            |                                   *     *    *    *    *    *     *                                   |   
            |                                   *     *    *    *    *    *     *                                   |   
     100000 |-+                            ******     *    *    *    *    *     *                                 +-|   
            |                              *    *     *    *    *    *    *     *                                   |   
      80000 |-+                            *    *     *    *    *    *    *     *                                 +-|   
            |                              *    *     *    *    *    *    *     *                                   |   
            |                              *    *     *    *    *    *    *     *                                   |   
      60000 |-+                            *    *     *    *    *    *    *     *                   *******       +-|   
            |                              *    *     *    *    *    *    *     ******              *     *         |   
            |                              *    *     *    *    *    *    *     *    *              *     *         |   
      40000 |-+                            *    *     *    *    *    *    *     *    *              *     *       +-|   
            |                              *    *     *    *    *    *    *     *    *              *     *         |   
            |                         ******    *     *    *    *    *    *     *    *         ******     *         |   
      20000 |-+                       *    *    *     *    *    *    *    *     *    ***********    *     *       +-|   
            |                         *    *    *     *    *    *    *    *     *    *    *    *    *     *         |   
            |**************************    *    *     *    *    *    *    *     *    *    *    *    *     *         |   
          0 +-------------------------------------------------------------------------------------------------------+   
            0                   0.2                  0.4                 0.6                  0.8                   1   
                                                       Proportion Missing                                               
                                                                                                                        
                                                                                                                        
                                Scatter plot of the proportion of genotypes that are missing.                           
                                                                                                                        
       1 +----------------------------------------------------------------------------------------------------------+   
         |                 +                 +                 +                +                 +                 |   
     0.9 |-+                                                                              'sitemissingness'    *  +-|   
         |*****                                                                                                     |   
         |    ***                                                                                                   |   
     0.8 |-+    ***                                                                                               +-|   
         |        **                                                                                                |   
     0.7 |-+       ****                                                                                           +-|   
         |            ********                                                                                      |   
     0.6 |-+                 **********                                                                           +-|   
         |                            ***********                                                                   |   
     0.5 |-+                                    ***********                                                       +-|   
         |                                                ************                                              |   
         |                                                           *************                                  |   
     0.4 |-+                                                                     *************                    +-|   
         |                                                                                   ***********            |   
     0.3 |-+                                                                                           ******     +-|   
         |                                                                                                  ***     |   
     0.2 |-+                                                                                                  *   +-|   
         |                                                                                                    **    |   
         |                                                                                                     *    |   
     0.1 |-+                                                                                                   *  +-|   
         |                 +                 +                 +                +                 +            **   |   
       0 +----------------------------------------------------------------------------------------------------------+   
         0               200000            400000            600000           800000            1e+06            1.2e+06
                                                            Site                                                        
                                                                                                                        
     vcftools --vcf gmi.mono.rad.RAW-10-10-rescaled.Fltr14.4.recode.vcf --max-missing 0.55 --recode --recode-INFO-all --out gmi.mono.rad.RAW-10-10-rescaled.Fltr05.5.recode.vcf 2> /dev/null
	Sites remaining:	465900
	Contigs remaining:	4312


Thu Nov 30 18:11:54 EST 2023 ---------------------------FILTER16: Remove Individuals|Libraries with Too Much Missing Data-----------------------------
                                                                                                                        
             Histogram of % missing data per individual|library before filter. Bars to the left are desireable.         
                                                                                                                        
     70 +-----------------------------------------------------------------------------------------------------------+   
        |*                    +                    +                     +                    +                     |   
        |*                                                    'totalmissing' using (bin($1,binwidth)):(1.0) ******* |   
     60 |*+                                                                                                       +-|   
        |*                                                                                                          |   
        |*                                                                                                          |   
        |*                                                                                                          |   
     50 |*+                                                                                                       +-|   
        |*                                                                                                          |   
        |*                                                                                                          |   
     40 |*+                                                                                                       +-|   
        |*                                                                                                          |   
        |*                                                                                                          |   
     30 |*+                                                                                                       +-|   
        |*                                                                                                          |   
        |*                                                                                                          |   
     20 |*+                                                                                                       +-|   
        |**                                                                                               **        |   
        |***                                                                                              **        |   
        |***                                                                                              **        |   
     10 |***********                                                                                   ** **      +-|   
        |****** *******                                                                       ** ***** ********     |   
        |****** ********************  **********  **     *****           *****  ****   *** ****************** ******|   
      0 +-----------------------------------------------------------------------------------------------------------+   
        0                    0.2                  0.4                   0.6                  0.8                    1   
                                                     % missing genotypes                                                
                                                                                                                        
                                                                                                                        
                                   Scatter plot of % missing data per individual|library.                               
                                                                                                                        
       1 +----------------------------------------------------------------------------------------------------------+   
         | ****          +               +               +               +               +               +          |   
         |    *************                                                                     'imiss.dat'    *    |   
         |                ********                                                                                  |   
         |                       *******                                                                            |   
     0.8 |-+                           ***                                                                        +-|   
         |                                ***                                                                       |   
         |                                  *                                                                       |   
         |                                   *                                                                      |   
     0.6 |-+                                  *                                                                   +-|   
         |                                    **                                                                    |   
         |                                     *                                                                    |   
         |                                      *                                                                   |   
         |                                      **                                                                  |   
     0.4 |-+                                     ***                                                              +-|   
         |                                         *                                                                |   
         |                                         ****                                                             |   
         |                                            ***                                                           |   
     0.2 |-+                                            ***                                                       +-|   
         |                                                ***                                                       |   
         |                                                   *****                                                  |   
         |                                                       ***********                                        |   
         |               +               +               +               + **************+               +          |   
       0 +----------------------------------------------------------------------------------------------------------+   
         0               50             100             150             200             250             300             
                                                         Individual                                                     
                                                                                                                        
 115 individuals|libraries with too much missing data:
INDV
Gmi-ABas_001-merged
Gmi-ABas_003-Ex1-b-cssl2.clmp.fp2_repr
Gmi-ABas_004-merged
Gmi-ABas_008-merged
Gmi-ABas_009-Ex1-b-cssl.clmp.fp2_repr
Gmi-ABas_010-Ex1-b-cssl.clmp.fp2_repr
Gmi-ABas_011-Ex1-b-cssl.clmp.fp2_repr
Gmi-ABas_012-Ex1-b-cssl.clmp.fp2_repr
Gmi-ABas_013-Ex1-b-cssl.clmp.fp2_repr
Gmi-ABas_014-Ex1-b-cssl.clmp.fp2_repr
Gmi-ABas_015-Ex1-b-cssl.clmp.fp2_repr
Gmi-ABas_016-Ex1-b-cssl.clmp.fp2_repr
Gmi-ABas_024-Ex1-b-cssl.clmp.fp2_repr
Gmi-ABas_025-Ex1-b-cssl.clmp.fp2_repr
Gmi-ABas_026-Ex1-b-cssl.clmp.fp2_repr
Gmi-ABas_027-Ex1-b-cssl.clmp.fp2_repr
Gmi-ABas_028-merged
Gmi-ABas_029-Ex1-b-cssl.clmp.fp2_repr
Gmi-ABas_030-merged
Gmi-ABas_031-Ex1-b-cssl.clmp.fp2_repr
Gmi-ABas_032-Ex1-b-cssl.clmp.fp2_repr
Gmi-ABas_033-merged
Gmi-ABas_034-merged
Gmi-ABas_035-merged
Gmi-ABas_036-Ex1-b-cssl.clmp.fp2_repr
Gmi-ABas_037-Ex1-b-cssl.clmp.fp2_repr
Gmi-ABas_038-Ex1-b-cssl.clmp.fp2_repr
Gmi-ABas_039-Ex1-b-cssl.clmp.fp2_repr
Gmi-ABas_040-Ex1-b-cssl.clmp.fp2_repr
Gmi-ABas_041-Ex1-b-cssl.clmp.fp2_repr
Gmi-ABas_042-Ex1-b-cssl.clmp.fp2_repr
Gmi-ABas_043-Ex1-b-cssl.clmp.fp2_repr
Gmi-ABas_045-merged
Gmi-ABas_046-Ex1-b-cssl.clmp.fp2_repr
Gmi-ABas_047-merged
Gmi-ABas_048-Ex1-b-cssl.clmp.fp2_repr
Gmi-ABas_049-merged
Gmi-ABas_050-Ex1-b-cssl.clmp.fp2_repr
Gmi-ABas_051-Ex1-b-cssl.clmp.fp2_repr
Gmi-ABas_052-Ex1-b-cssl.clmp.fp2_repr
Gmi-ABas_053-Ex1-b-cssl.clmp.fp2_repr
Gmi-ABas_055-merged
Gmi-ABas_056-Ex1-b-cssl.clmp.fp2_repr
Gmi-ABas_057-Ex1-b-cssl.clmp.fp2_repr
Gmi-ABas_058-merged
Gmi-ABas_059-merged
Gmi-ABas_060-merged
Gmi-ABas_061-Ex1-b-cssl.clmp.fp2_repr
Gmi-AHam_005-Ex1-cssl.clmp.fp2_repr
Gmi-AHam_006-Ex1-cssl.clmp.fp2_repr
Gmi-AHam_007-Ex1-cssl.clmp.fp2_repr
Gmi-AHam_008-Ex1-cssl.clmp.fp2_repr
Gmi-AHam_009-Ex1-cssl.clmp.fp2_repr
Gmi-AHam_015-merged
Gmi-AHam_019-Ex1-cssl.clmp.fp2_repr
Gmi-AHam_022-Ex1-cssl.clmp.fp2_repr
Gmi-AHam_023-Ex1-cssl.clmp.fp2_repr
Gmi-AHam_024-Ex1-cssl.clmp.fp2_repr
Gmi-AHam_025-Ex1-cssl.clmp.fp2_repr
Gmi-AHam_034-Ex1-cssl.clmp.fp2_repr
Gmi-AHam_036-Ex1-cssl.clmp.fp2_repr
Gmi-AHam_038-Ex1-cssl.clmp.fp2_repr
Gmi-AHam_040-Ex1-cssl.clmp.fp2_repr
Gmi-AHam_043-Ex1-cssl.clmp.fp2_repr
Gmi-AHam_044-Ex1-cssl.clmp.fp2_repr
Gmi-AHam_045-Ex1-cssl.clmp.fp2_repr
Gmi-AHam_046-Ex1-cssl.clmp.fp2_repr
Gmi-AHam_047-Ex1-cssl.clmp.fp2_repr
Gmi-AHam_048-Ex1-cssl.clmp.fp2_repr
Gmi-AHam_049-Ex1-cssl.clmp.fp2_repr
Gmi-AHam_050-Ex1-cssl.clmp.fp2_repr
Gmi-AHam_051-Ex1-cssl.clmp.fp2_repr
Gmi-AHam_052-Ex1-cssl.clmp.fp2_repr
Gmi-AHam_053-Ex1-cssl.clmp.fp2_repr
Gmi-AHam_054-Ex1-cssl.clmp.fp2_repr
Gmi-AHam_056-Ex1-cssl.clmp.fp2_repr
Gmi-AHam_057-Ex1-cssl.clmp.fp2_repr
Gmi-AHam_058-Ex1-cssl.clmp.fp2_repr
Gmi-AHam_059-Ex1-cssl.clmp.fp2_repr
Gmi-AHam_061-Ex1-cssl.clmp.fp2_repr
Gmi-AHam_062-Ex1-cssl.clmp.fp2_repr
Gmi-AHam_063-Ex1-cssl.clmp.fp2_repr
Gmi-AHam_064-Ex1-cssl.clmp.fp2_repr
Gmi-AHam_066-Ex1-cssl.clmp.fp2_repr
Gmi-AHam_067-Ex1-cssl.clmp.fp2_repr
Gmi-AHam_068-Ex1-cssl.clmp.fp2_repr
Gmi-AHam_069-Ex1-cssl.clmp.fp2_repr
Gmi-AHam_070-Ex1-cssl.clmp.fp2_repr
Gmi-AHam_071-Ex1-cssl.clmp.fp2_repr
Gmi-AHam_072-Ex1-cssl.clmp.fp2_repr
Gmi-AHam_073-Ex1-cssl.clmp.fp2_repr
Gmi-AHam_074-merged
Gmi-AHam_075-Ex1-cssl.clmp.fp2_repr
Gmi-AHam_076-Ex1-cssl.clmp.fp2_repr
Gmi-AHam_077-Ex1-cssl.clmp.fp2_repr
Gmi-AHam_080-Ex1-cssl.clmp.fp2_repr
Gmi-AHam_081-Ex1-cssl.clmp.fp2_repr
Gmi-AHam_082-Ex1-cssl.clmp.fp2_repr
Gmi-AHam_084-Ex1-cssl.clmp.fp2_repr
Gmi-AHam_086-Ex1-cssl.clmp.fp2_repr
Gmi-AHam_087-Ex1-cssl.clmp.fp2_repr
Gmi-AHam_088-Ex1-cssl.clmp.fp2_repr
Gmi-AHam_090-Ex1-cssl.clmp.fp2_repr
Gmi-AHam_091-Ex1-cssl.clmp.fp2_repr
Gmi-AHam_092-Ex1-cssl.clmp.fp2_repr
Gmi-AHam_093-Ex1-cssl.clmp.fp2_repr
Gmi-AHam_094-Ex1-cssl.clmp.fp2_repr
Gmi-AHam_095-Ex1-cssl.clmp.fp2_repr
Gmi-AHam_096-Ex1-cssl.clmp.fp2_repr
Gmi-CBas_003-Ex1-cssl.clmp.fp2_repr
Gmi-CBas_008-GmC02008-L1-fp1-clmp-fp2-fqscrn-repr
Gmi-CBas_021-GmC02021-L1-fp1-clmp-fp2-fqscrn-repr
Gmi-CBas_038-GmC02038-L1-fp1-clmp-fp2-fqscrn-repr
Gmi-CBas_043-GmC02043-L1-fp1-clmp-fp2-fqscrn-repr
Gmi-CBas_077-GmC02077-L1-fp1-clmp-fp2-fqscrn-repr
     vcftools --vcf gmi.mono.rad.RAW-10-10-rescaled.Fltr05.5.recode.vcf --remove gmi.mono.rad.RAW-10-10-rescaled.Fltr16.6.lowDP-2.indv --recode --recode-INFO-all --out gmi.mono.rad.RAW-10-10-rescaled.Fltr16.6.recode.vcf 2> /dev/null | vcffixup -
	Sites remaining:	465900
	Contigs remaining:	4312


 Individuals|Libraries Remaining Per Sample
     13 Gmi-ABas
     34 Gmi-AHam
     78 Gmi-CBas
     94 Gmi-CBat

Thu Nov 30 18:14:08 EST 2023 ---------------------------FILTER04: Remove Sites With Mean Depth of Coverage < min-meanDP -----------------------------
                                                                                                                        
                                       Histogram of mean depth per site before FILTER04                                 
                                                                                                                        
     16000 +--------------------------------------------------------------------------------------------------------+   
           |  **          +              +              +              +              +              +              |   
           |  **                                       'sitedepthmeanbefore' using (bin($1,binwidth)):(1.0) ******* |   
     14000 |-+***                                                                                                 +-|   
           |  ***                                                                                                   |   
           |  ***                                                                                                   |   
     12000 |-+***                                                                                                 +-|   
           |  ***                                                                                                   |   
           |  ****                                                                                                  |   
     10000 |-+****                                                                                                +-|   
           |  ****                                                                                                  |   
      8000 |-+****                                                                                                +-|   
           |  ****                                                                                                  |   
           |  *****                                                                                                 |   
      6000 |-+*****                                                                                               +-|   
           |  *****                                                                                                 |   
           | *******                                                                                                |   
      4000 |-*******                                                                                              +-|   
           | ********                                                                                               |   
           | *********                                                                                              |   
      2000 |-*********                                                                                            +-|   
           | ***********                                                                                            |   
           | ***************             +              +              +              +              +              |   
         0 +--------------------------------------------------------------------------------------------------------+   
           0             100            200            300            400            500            600            700  
                                                          Mean Depth                                                    
                                                                                                                        
                                                                                                                        
                                    Scatter plot of mean depth per site before FILTER04.                                
                                                                                                                        
     700 +----------------------------------------------------------------------------------------------------------+   
         |          +         +          +          +          +         +          +          +         +          |   
         |                                                                            'sitedepthmeanbefore'    *    |   
     600 |-+                                                                                                      +-|   
         |                                                                                                          |   
         |                                                                                                          |   
         |                                                                                                          |   
     500 |-+                                                                                                      +-|   
         |                                                                                                          |   
         |                                                                                                          |   
     400 |-+                                                                                                      +-|   
         |                                                                                                          |   
         |                                                                                                          |   
     300 |-+                                                                                                      +-|   
         |                                                                                                          |   
         |*                                                                                                         |   
     200 |*+                                                                                                      +-|   
         |*                                                                                                         |   
         |**                                                                                                        |   
         | **                                                                                                       |   
     100 |-+*****                                                                                                 +-|   
         |      *********************                                                                               |   
         |          +         +     *************************************************************************       |   
       0 +----------------------------------------------------------------------------------------------------------+   
         0        50000     100000     150000     200000     250000    300000     350000     400000    450000     500000
                                                            Site                                                        
                                                                                                                        
                                                                                                                        
                            Scatter plot of depth variance vs mean depth per site before FILTER04.                      
                                                                                                                        
     9e+06 +--------------------------------------------------------------------------------------------------------+   
           |              +              +              +              +              +              +              |   
           |                                                                          'meandepthVSvariance**** *    |   
     8e+06 |-+                                                                                            ***     +-|   
           |                                                                                           * * *        |   
     7e+06 |-+                                                                                         **         +-|   
           |                                                                                                        |   
           |                                                                                                        |   
     6e+06 |-+                                                                                                    +-|   
           |                                                                                                        |   
     5e+06 |-+                                                                                                    +-|   
           |                                                                                                        |   
           |                                                                                                        |   
     4e+06 |-+                                                                                                    +-|   
           |                                                                                                        |   
     3e+06 |-+                                                                                                    +-|   
           |                                                                                                        |   
           |                                                          **  ***                                       |   
     2e+06 |-+                                                   ******** ***                                     +-|   
           |                                 *****        ******** *****                                            |   
     1e+06 |-+                         ******           ****  * ***                                               +-|   
           |                     *******                                                               ***          |   
           |           ******************************   ***************************************************         |   
         0 +--------------------------------------------------------------------------------------------------------+   
           0             100            200            300            400            500            600            700  
                                                          Mean Depth                                                    
                                                                                                                        
     vcftools --vcf gmi.mono.rad.RAW-10-10-rescaled.Fltr16.6.recode.vcf --min-meanDP 15 --recode --recode-INFO-all --out gmi.mono.rad.RAW-10-10-rescaled.Fltr04.7.recode.vcf 2> /dev/null
	Sites remaining:	459210
	Contigs remaining:	4249


Thu Nov 30 18:15:49 EST 2023 ---------------------------FILTER13: Remove sites with mean DP greater than X  -----------------------------
                                                                                                                        
                                        Histogram of mean depth per site before filter                                  
                                                                                                                        
     16000 +--------------------------------------------------------------------------------------------------------+   
           |  **          +              +              +              +              +              +              |   
           |  **                                    'meandepthpersitebefore' using (bin($1,binwidth)):(1.0) ******* |   
     14000 |-+**                                                                                                  +-|   
           |  ***                                                                                                   |   
           |  ***                                                                                                   |   
     12000 |-+***                                                                                                 +-|   
           |  ***                                                                                                   |   
           |  ****                                                                                                  |   
     10000 |-+****                                                                                                +-|   
           |  ****                                                                                                  |   
      8000 |-+****                                                                                                +-|   
           |  ****                                                                                                  |   
           |  *****                                                                                                 |   
      6000 |-+*****                                                                                               +-|   
           | ******                                                                                                 |   
           | *******                                                                                                |   
      4000 |-*******                                                                                              +-|   
           | ********                                                                                               |   
           | ********                                                                                               |   
      2000 |-*********                                                                                            +-|   
           | **********                                                                                             |   
           | **************              +              +              +              +              +              |   
         0 +--------------------------------------------------------------------------------------------------------+   
           0             100            200            300            400            500            600            700  
                                                          Mean Depth                                                    
                                                                                                                        
     vcftools --vcf gmi.mono.rad.RAW-10-10-rescaled.Fltr04.7.recode.vcf --max-meanDP 400 --recode --recode-INFO-all --out gmi.mono.rad.RAW-10-10-rescaled.Fltr13.8.recode.vcf 2> /dev/null
	Sites remaining:	458832
	Contigs remaining:	4248


Thu Nov 30 18:17:17 EST 2023 ---------------------------FILTER05: Remove sites called in <X proportion of individuals -----------------------------
                                                                                                                        
                                    Histogram of the proportion of genotypes that are missing                           
                                                                                                                        
     140000 +-------------------------------------------------------------------------------------------------------+   
            |    *    *          +                    +                   +                    +                    |   
            |*****    *                                    'sitemissingness' using (bin($1,binwidth)):(1.0) ******* |   
     120000 |-+  *    *                                                                                           +-|   
            |    *    *******                                                                                       |   
            |    *    *     *                                                                                       |   
            |    *    *     *                                                                                       |   
     100000 |-+  *    *     *                                                                                     +-|   
            |    *    *     *                                                                                       |   
            |    *    *     *                                                                                       |   
      80000 |-+  *    *     *                                                                                     +-|   
            |    *    *     *                                                                                       |   
            |    *    *     ******                                                                                  |   
      60000 |-+  *    *     *    *                                                                                +-|   
            |    *    *     *    *                                                                                  |   
            |    *    *     *    *                                                                                  |   
      40000 |-+  *    *     *    *                                                                                +-|   
            |    *    *     *    *                                                                                  |   
            |    *    *     *    *                                                                                  |   
            |    *    *     *    *                                                                                  |   
      20000 |-+  *    *     *    *                                                                                +-|   
            |    *    *     *    *                                                                                  |   
            |    *    *     *    ******               +                   +                    +                    |   
          0 +-------------------------------------------------------------------------------------------------------+   
            0                   0.2                  0.4                 0.6                  0.8                   1   
                                                       Proportion Missing                                               
                                                                                                                        
                                                                                                                        
                                Scatter plot of the proportion of genotypes that are missing.                           
                                                                                                                        
     0.6 +----------------------------------------------------------------------------------------------------------+   
         |          +         +          +          +          +         +          +          +         +          |   
         |                                                                                'sitemissingness'    *    |   
         |                                                                                                          |   
     0.5 |-+                                                                                                      +-|   
         |                                                                                                          |   
         |                                                                                                          |   
         |                                                                                                          |   
     0.4 |-+                                                                                                      +-|   
         |                                                                                                          |   
         |                                                                                                          |   
     0.3 |-+                                                                                                      +-|   
         |                                                                                                          |   
         |*                                                                                                         |   
         |**                                                                                                        |   
     0.2 |-**                                                                                                     +-|   
         |  ******                                                                                                  |   
         |       *************                                                                                      |   
         |                   **************                                                                         |   
     0.1 |-+                              ***************                                                         +-|   
         |                                              **************                                              |   
         |                                                           ******************                             |   
         |          +         +          +          +          +         +          + ****************** +          |   
       0 +----------------------------------------------------------------------------------------------------------+   
         0        50000     100000     150000     200000     250000    300000     350000     400000    450000     500000
                                                            Site                                                        
                                                                                                                        
     vcftools --vcf gmi.mono.rad.RAW-10-10-rescaled.Fltr13.8.recode.vcf --max-missing 0.6 --recode --recode-INFO-all --out gmi.mono.rad.RAW-10-10-rescaled.Fltr05.9.recode.vcf 2> /dev/null
	Sites remaining:	458488
	Contigs remaining:	4242


Thu Nov 30 18:18:44 EST 2023 ---------------------------FILTER16: Remove Individuals|Libraries with Too Much Missing Data-----------------------------
                                                                                                                        
             Histogram of % missing data per individual|library before filter. Bars to the left are desireable.         
                                                                                                                        
     80 +-----------------------------------------------------------------------------------------------------------+   
        |                     +                    +                     +                    +                     |   
        |*                                                    'totalmissing' using (bin($1,binwidth)):(1.0) ******* |   
     70 |*+                                                                                                       +-|   
        |*                                                                                                          |   
        |*                                                                                                          |   
     60 |*+                                                                                                       +-|   
        |*                                                                                                          |   
        |*                                                                                                          |   
     50 |*+                                                                                                       +-|   
        |*                                                                                                          |   
     40 |*+                                                                                                       +-|   
        |*                                                                                                          |   
        |*                                                                                                          |   
     30 |*+                                                                                                       +-|   
        |*                                                                                                          |   
        |*                                                                                                          |   
     20 |*+                                                                                                       +-|   
        |**                                                                                                         |   
        |**                                                                                                         |   
     10 |*****   **                                                                                               +-|   
        |*************                                                                                              |   
        |****** *************************** **********                   +                    +                     |   
      0 +-----------------------------------------------------------------------------------------------------------+   
        0                    0.2                  0.4                   0.6                  0.8                    1   
                                                     % missing genotypes                                                
                                                                                                                        
                                                                                                                        
                                   Scatter plot of % missing data per individual|library.                               
                                                                                                                        
       1 +----------------------------------------------------------------------------------------------------------+   
         |                       +                        +                       +                       +         |   
         |                                                                                      'imiss.dat'    *    |   
         |                                                                                                          |   
         |                                                                                                          |   
     0.8 |-+                                                                                                      +-|   
         |                                                                                                          |   
         |                                                                                                          |   
         |                                                                                                          |   
     0.6 |-+                                                                                                      +-|   
         |*                                                                                                         |   
         | *                                                                                                        |   
         | **                                                                                                       |   
         |  **                                                                                                      |   
     0.4 |-+ ****                                                                                                 +-|   
         |      **                                                                                                  |   
         |        ****                                                                                              |   
         |           ****                                                                                           |   
     0.2 |-+            ****                                                                                      +-|   
         |                 ****                                                                                     |   
         |                    ********                                                                              |   
         |                           **************                                                                 |   
         |                       +                 ******************             +                       +         |   
       0 +----------------------------------------------------------------------------------------------------------+   
         0                       50                      100                     150                     200            
                                                         Individual                                                     
                                                                                                                        
 4 individuals|libraries with too much missing data:
INDV
Gmi-AHam_001-merged
Gmi-AHam_012-Ex1-cssl.clmp.fp2_repr
Gmi-AHam_020-Ex1-cssl.clmp.fp2_repr
Gmi-AHam_021-Ex1-cssl.clmp.fp2_repr
     vcftools --vcf gmi.mono.rad.RAW-10-10-rescaled.Fltr05.9.recode.vcf --remove gmi.mono.rad.RAW-10-10-rescaled.Fltr16.10.lowDP-2.indv --recode --recode-INFO-all --out gmi.mono.rad.RAW-10-10-rescaled.Fltr16.10.recode.vcf 2> /dev/null | vcffixup -
	Sites remaining:	458488
	Contigs remaining:	4242


 Individuals|Libraries Remaining Per Sample
     13 Gmi-ABas
     30 Gmi-AHam
     78 Gmi-CBas
     94 Gmi-CBat

Thu Nov 30 18:20:51 EST 2023 ---------------------------FILTER17: Remove sites with data missing for too many individuals|libraries in a population -----------------------------
     Using PopMap File: ../filterVCF/popmap.rad.RAW-10-10-rescaled.HWEsplit
mawk: cannot open ../filterVCF/popmap.rad.RAW-10-10-rescaled.HWEsplit (No such file or directory)
cat: 'gmi.mono.rad.RAW-10-10-rescaled.Fltr17.11.*.lmiss': No such file or directory
     vcftools --vcf gmi.mono.rad.RAW-10-10-rescaled.Fltr16.10.recode.vcf --exclude-positions gmi.mono.rad.RAW-10-10-rescaled.Fltr17.11.badloci --recode --recode-INFO-all --out gmi.mono.rad.RAW-10-10-rescaled.Fltr17.11.recode.vcf 2> /dev/null
	Sites remaining:	458488
	Contigs remaining:	4242


Thu Nov 30 18:22:10 EST 2023  --------------------------- Filtering complete! ---------------------------

