****                   ADMIXTURE Version 1.3.0                  ****
****                    Copyright 2008-2015                     ****
****           David Alexander, Suyash Shringarpure,            ****
****                John  Novembre, Ken Lange                   ****
****                                                            ****
****                 Please cite our paper!                     ****
****   Information at www.genetics.ucla.edu/software/admixture  ****

Cross-validation will be performed.  Folds=5.
Random seed: 43
Point estimation method: Block relaxation algorithm
Convergence acceleration algorithm: QuasiNewton, 3 secant conditions
Point estimation will terminate when objective function delta < 0.0001
Estimation of standard errors disabled; will compute point estimates only.
Size of G: 94x21910
Performing five EM steps to prime main algorithm
1 (EM) 	Elapsed: 0.125	Loglikelihood: -1.40205e+06	(delta): 1.5882e+06
2 (EM) 	Elapsed: 0.124	Loglikelihood: -1.33539e+06	(delta): 66655.8
3 (EM) 	Elapsed: 0.124	Loglikelihood: -1.2905e+06	(delta): 44887.2
4 (EM) 	Elapsed: 0.124	Loglikelihood: -1.22085e+06	(delta): 69649.4
5 (EM) 	Elapsed: 0.124	Loglikelihood: -1.11377e+06	(delta): 107081
Initial loglikelihood: -1.11377e+06
Starting main algorithm
1 (QN/Block) 	Elapsed: 0.34	Loglikelihood: -747217	(delta): 366555
2 (QN/Block) 	Elapsed: 0.339	Loglikelihood: -694225	(delta): 52991.9
3 (QN/Block) 	Elapsed: 0.391	Loglikelihood: -651496	(delta): 42729
4 (QN/Block) 	Elapsed: 0.41	Loglikelihood: -640721	(delta): 10774.9
5 (QN/Block) 	Elapsed: 0.453	Loglikelihood: -637850	(delta): 2871.1
6 (QN/Block) 	Elapsed: 0.408	Loglikelihood: -637165	(delta): 684.288
7 (QN/Block) 	Elapsed: 0.431	Loglikelihood: -636803	(delta): 362.075
8 (QN/Block) 	Elapsed: 0.433	Loglikelihood: -636623	(delta): 180.562
9 (QN/Block) 	Elapsed: 0.41	Loglikelihood: -636477	(delta): 146.276
10 (QN/Block) 	Elapsed: 0.433	Loglikelihood: -636341	(delta): 135.302
11 (QN/Block) 	Elapsed: 0.455	Loglikelihood: -636176	(delta): 165.579
12 (QN/Block) 	Elapsed: 0.408	Loglikelihood: -635996	(delta): 179.198
13 (QN/Block) 	Elapsed: 0.43	Loglikelihood: -635835	(delta): 161.69
14 (QN/Block) 	Elapsed: 0.434	Loglikelihood: -635631	(delta): 203.264
15 (QN/Block) 	Elapsed: 0.432	Loglikelihood: -635451	(delta): 180.906
16 (QN/Block) 	Elapsed: 0.386	Loglikelihood: -635252	(delta): 198.187
17 (QN/Block) 	Elapsed: 0.453	Loglikelihood: -635132	(delta): 120.334
18 (QN/Block) 	Elapsed: 0.408	Loglikelihood: -635063	(delta): 68.9427
19 (QN/Block) 	Elapsed: 0.408	Loglikelihood: -635036	(delta): 26.8571
20 (QN/Block) 	Elapsed: 0.408	Loglikelihood: -635029	(delta): 6.82226
21 (QN/Block) 	Elapsed: 0.386	Loglikelihood: -635027	(delta): 2.07889
22 (QN/Block) 	Elapsed: 0.453	Loglikelihood: -635022	(delta): 5.66584
23 (QN/Block) 	Elapsed: 0.453	Loglikelihood: -635015	(delta): 6.88044
24 (QN/Block) 	Elapsed: 0.408	Loglikelihood: -635013	(delta): 1.70289
25 (QN/Block) 	Elapsed: 0.453	Loglikelihood: -635011	(delta): 2.55766
26 (QN/Block) 	Elapsed: 0.453	Loglikelihood: -634995	(delta): 16.015
27 (QN/Block) 	Elapsed: 0.453	Loglikelihood: -634984	(delta): 10.3821
28 (QN/Block) 	Elapsed: 0.454	Loglikelihood: -634979	(delta): 5.27829
29 (QN/Block) 	Elapsed: 0.455	Loglikelihood: -634971	(delta): 8.00254
30 (QN/Block) 	Elapsed: 0.43	Loglikelihood: -634964	(delta): 7.11073
31 (QN/Block) 	Elapsed: 0.453	Loglikelihood: -634960	(delta): 3.47997
32 (QN/Block) 	Elapsed: 0.453	Loglikelihood: -634956	(delta): 4.44957
33 (QN/Block) 	Elapsed: 0.43	Loglikelihood: -634951	(delta): 4.53816
34 (QN/Block) 	Elapsed: 0.453	Loglikelihood: -634947	(delta): 4.24433
35 (QN/Block) 	Elapsed: 0.43	Loglikelihood: -634945	(delta): 1.75788
36 (QN/Block) 	Elapsed: 0.452	Loglikelihood: -634933	(delta): 11.9587
37 (QN/Block) 	Elapsed: 0.408	Loglikelihood: -634931	(delta): 2.58686
38 (QN/Block) 	Elapsed: 0.386	Loglikelihood: -634931	(delta): 0.172958
39 (QN/Block) 	Elapsed: 0.386	Loglikelihood: -634931	(delta): 0.0109817
40 (QN/Block) 	Elapsed: 0.386	Loglikelihood: -634931	(delta): 0.00189837
41 (QN/Block) 	Elapsed: 0.385	Loglikelihood: -634931	(delta): 0.000187408
42 (QN/Block) 	Elapsed: 0.386	Loglikelihood: -634931	(delta): 2.75577e-05
Summary: 
Converged in 42 iterations (19.441 sec)
Loglikelihood: -634930.574198
Fst divergences between estimated populations: 
	Pop0	Pop1	
Pop0	
Pop1	0.731	
Pop2	0.019	0.717	
CV error (K=3): 0.25069
Writing output files.
