****                   ADMIXTURE Version 1.3.0                  ****
****                    Copyright 2008-2015                     ****
****           David Alexander, Suyash Shringarpure,            ****
****                John  Novembre, Ken Lange                   ****
****                                                            ****
****                 Please cite our paper!                     ****
****   Information at www.genetics.ucla.edu/software/admixture  ****

Cross-validation will be performed.  Folds=5.
Random seed: 43
Point estimation method: Block relaxation algorithm
Convergence acceleration algorithm: QuasiNewton, 3 secant conditions
Point estimation will terminate when objective function delta < 0.0001
Estimation of standard errors disabled; will compute point estimates only.
Size of G: 94x21910
Performing five EM steps to prime main algorithm
1 (EM) 	Elapsed: 0.207	Loglikelihood: -1.41353e+06	(delta): 1.40455e+06
2 (EM) 	Elapsed: 0.206	Loglikelihood: -1.34961e+06	(delta): 63923.5
3 (EM) 	Elapsed: 0.206	Loglikelihood: -1.31988e+06	(delta): 29725.9
4 (EM) 	Elapsed: 0.206	Loglikelihood: -1.27775e+06	(delta): 42131.9
5 (EM) 	Elapsed: 0.206	Loglikelihood: -1.20638e+06	(delta): 71375.6
Initial loglikelihood: -1.20638e+06
Starting main algorithm
1 (QN/Block) 	Elapsed: 0.62	Loglikelihood: -732607	(delta): 473769
2 (QN/Block) 	Elapsed: 0.622	Loglikelihood: -666241	(delta): 66366.4
3 (QN/Block) 	Elapsed: 0.678	Loglikelihood: -636822	(delta): 29418.6
4 (QN/Block) 	Elapsed: 0.676	Loglikelihood: -624657	(delta): 12165.2
5 (QN/Block) 	Elapsed: 0.703	Loglikelihood: -608191	(delta): 16466.1
6 (QN/Block) 	Elapsed: 0.756	Loglikelihood: -590929	(delta): 17262.3
7 (QN/Block) 	Elapsed: 0.756	Loglikelihood: -588897	(delta): 2031.15
8 (QN/Block) 	Elapsed: 0.756	Loglikelihood: -588255	(delta): 642.07
9 (QN/Block) 	Elapsed: 0.755	Loglikelihood: -587985	(delta): 269.93
10 (QN/Block) 	Elapsed: 0.755	Loglikelihood: -587809	(delta): 176.234
11 (QN/Block) 	Elapsed: 0.687	Loglikelihood: -587624	(delta): 184.811
12 (QN/Block) 	Elapsed: 0.728	Loglikelihood: -587413	(delta): 211.364
13 (QN/Block) 	Elapsed: 0.754	Loglikelihood: -587312	(delta): 101.196
14 (QN/Block) 	Elapsed: 0.687	Loglikelihood: -587260	(delta): 51.9792
15 (QN/Block) 	Elapsed: 0.673	Loglikelihood: -587169	(delta): 91.2113
16 (QN/Block) 	Elapsed: 0.702	Loglikelihood: -587082	(delta): 86.7595
17 (QN/Block) 	Elapsed: 0.673	Loglikelihood: -587024	(delta): 57.651
18 (QN/Block) 	Elapsed: 0.673	Loglikelihood: -587001	(delta): 23.5439
19 (QN/Block) 	Elapsed: 0.7	Loglikelihood: -586993	(delta): 7.19312
20 (QN/Block) 	Elapsed: 0.727	Loglikelihood: -586993	(delta): 0.867088
21 (QN/Block) 	Elapsed: 0.727	Loglikelihood: -586992	(delta): 0.892457
22 (QN/Block) 	Elapsed: 0.733	Loglikelihood: -586991	(delta): 0.539564
23 (QN/Block) 	Elapsed: 0.689	Loglikelihood: -586991	(delta): 0.601455
24 (QN/Block) 	Elapsed: 0.691	Loglikelihood: -586990	(delta): 0.705362
25 (QN/Block) 	Elapsed: 0.676	Loglikelihood: -586988	(delta): 1.99941
26 (QN/Block) 	Elapsed: 0.756	Loglikelihood: -586984	(delta): 3.55804
27 (QN/Block) 	Elapsed: 0.757	Loglikelihood: -586979	(delta): 5.55348
28 (QN/Block) 	Elapsed: 0.757	Loglikelihood: -586975	(delta): 3.57461
29 (QN/Block) 	Elapsed: 0.757	Loglikelihood: -586974	(delta): 1.07808
30 (QN/Block) 	Elapsed: 0.731	Loglikelihood: -586973	(delta): 0.791289
31 (QN/Block) 	Elapsed: 0.701	Loglikelihood: -586973	(delta): 0.699594
32 (QN/Block) 	Elapsed: 0.723	Loglikelihood: -586972	(delta): 0.637982
33 (QN/Block) 	Elapsed: 0.672	Loglikelihood: -586971	(delta): 0.474559
34 (QN/Block) 	Elapsed: 0.674	Loglikelihood: -586971	(delta): 0.24855
35 (QN/Block) 	Elapsed: 0.751	Loglikelihood: -586971	(delta): 0.0956547
36 (QN/Block) 	Elapsed: 0.697	Loglikelihood: -586971	(delta): 0.0680695
37 (QN/Block) 	Elapsed: 0.7	Loglikelihood: -586971	(delta): 0.0840064
38 (QN/Block) 	Elapsed: 0.701	Loglikelihood: -586971	(delta): 0.0255156
39 (QN/Block) 	Elapsed: 0.67	Loglikelihood: -586971	(delta): 0.0158207
40 (QN/Block) 	Elapsed: 0.669	Loglikelihood: -586971	(delta): 0.00544786
41 (QN/Block) 	Elapsed: 0.698	Loglikelihood: -586971	(delta): 0.00893066
42 (QN/Block) 	Elapsed: 0.754	Loglikelihood: -586971	(delta): 0.0045095
43 (QN/Block) 	Elapsed: 0.725	Loglikelihood: -586971	(delta): 0.00231207
44 (QN/Block) 	Elapsed: 0.725	Loglikelihood: -586971	(delta): 0.00177231
45 (QN/Block) 	Elapsed: 0.75	Loglikelihood: -586971	(delta): 0.000667094
46 (QN/Block) 	Elapsed: 0.728	Loglikelihood: -586971	(delta): 0.000343428
47 (QN/Block) 	Elapsed: 0.671	Loglikelihood: -586971	(delta): 0.000435329
48 (QN/Block) 	Elapsed: 0.67	Loglikelihood: -586971	(delta): 0.000351355
49 (QN/Block) 	Elapsed: 0.697	Loglikelihood: -586971	(delta): 0.000105947
50 (QN/Block) 	Elapsed: 0.673	Loglikelihood: -586971	(delta): 0.000165878
51 (QN/Block) 	Elapsed: 0.752	Loglikelihood: -586971	(delta): 5.55175e-05
Summary: 
Converged in 51 iterations (38.803 sec)
Loglikelihood: -586970.880487
Fst divergences between estimated populations: 
	Pop0	Pop1	Pop2	Pop3	
Pop0	
Pop1	0.753	
Pop2	0.044	0.720	
Pop3	0.019	0.753	0.043	
Pop4	0.775	0.587	0.739	0.775	
CV error (K=5): 0.26734
Writing output files.
