****                   ADMIXTURE Version 1.3.0                  ****
****                    Copyright 2008-2015                     ****
****           David Alexander, Suyash Shringarpure,            ****
****                John  Novembre, Ken Lange                   ****
****                                                            ****
****                 Please cite our paper!                     ****
****   Information at www.genetics.ucla.edu/software/admixture  ****

Cross-validation will be performed.  Folds=5.
Random seed: 43
Point estimation method: Block relaxation algorithm
Convergence acceleration algorithm: QuasiNewton, 3 secant conditions
Point estimation will terminate when objective function delta < 0.0001
Estimation of standard errors disabled; will compute point estimates only.
Size of G: 214x14719
Performing five EM steps to prime main algorithm
1 (EM) 	Elapsed: 0.146	Loglikelihood: -1.98496e+06	(delta): 2.72032e+06
2 (EM) 	Elapsed: 0.145	Loglikelihood: -1.90378e+06	(delta): 81176.7
3 (EM) 	Elapsed: 0.146	Loglikelihood: -1.88501e+06	(delta): 18768.1
4 (EM) 	Elapsed: 0.144	Loglikelihood: -1.87523e+06	(delta): 9781.99
5 (EM) 	Elapsed: 0.144	Loglikelihood: -1.86863e+06	(delta): 6604.5
Initial loglikelihood: -1.86863e+06
Starting main algorithm
1 (QN/Block) 	Elapsed: 0.353	Loglikelihood: -1.35469e+06	(delta): 513941
2 (QN/Block) 	Elapsed: 0.348	Loglikelihood: -1.10832e+06	(delta): 246369
3 (QN/Block) 	Elapsed: 0.402	Loglikelihood: -1.01872e+06	(delta): 89593.8
4 (QN/Block) 	Elapsed: 0.412	Loglikelihood: -986774	(delta): 31949.9
5 (QN/Block) 	Elapsed: 0.411	Loglikelihood: -975565	(delta): 11208.9
6 (QN/Block) 	Elapsed: 0.414	Loglikelihood: -973543	(delta): 2021.38
7 (QN/Block) 	Elapsed: 0.42	Loglikelihood: -973171	(delta): 371.951
8 (QN/Block) 	Elapsed: 0.425	Loglikelihood: -973054	(delta): 117.812
9 (QN/Block) 	Elapsed: 0.414	Loglikelihood: -972976	(delta): 77.2292
10 (QN/Block) 	Elapsed: 0.411	Loglikelihood: -972899	(delta): 77.5096
11 (QN/Block) 	Elapsed: 0.408	Loglikelihood: -972868	(delta): 31.3027
12 (QN/Block) 	Elapsed: 0.411	Loglikelihood: -972844	(delta): 23.5141
13 (QN/Block) 	Elapsed: 0.408	Loglikelihood: -972834	(delta): 9.5424
14 (QN/Block) 	Elapsed: 0.408	Loglikelihood: -972829	(delta): 5.37589
15 (QN/Block) 	Elapsed: 0.433	Loglikelihood: -972825	(delta): 3.90796
16 (QN/Block) 	Elapsed: 0.432	Loglikelihood: -972820	(delta): 5.07434
17 (QN/Block) 	Elapsed: 0.433	Loglikelihood: -972810	(delta): 10.1411
18 (QN/Block) 	Elapsed: 0.406	Loglikelihood: -972800	(delta): 10.1361
19 (QN/Block) 	Elapsed: 0.412	Loglikelihood: -972776	(delta): 23.3244
20 (QN/Block) 	Elapsed: 0.438	Loglikelihood: -972765	(delta): 11.4883
21 (QN/Block) 	Elapsed: 0.408	Loglikelihood: -972756	(delta): 8.98387
22 (QN/Block) 	Elapsed: 0.46	Loglikelihood: -972748	(delta): 7.51422
23 (QN/Block) 	Elapsed: 0.433	Loglikelihood: -972735	(delta): 13.5726
24 (QN/Block) 	Elapsed: 0.461	Loglikelihood: -972728	(delta): 6.63913
25 (QN/Block) 	Elapsed: 0.412	Loglikelihood: -972725	(delta): 2.85448
26 (QN/Block) 	Elapsed: 0.41	Loglikelihood: -972722	(delta): 3.01973
27 (QN/Block) 	Elapsed: 0.409	Loglikelihood: -972721	(delta): 1.78079
28 (QN/Block) 	Elapsed: 0.415	Loglikelihood: -972719	(delta): 1.77677
29 (QN/Block) 	Elapsed: 0.41	Loglikelihood: -972717	(delta): 1.81128
30 (QN/Block) 	Elapsed: 0.427	Loglikelihood: -972714	(delta): 2.72775
31 (QN/Block) 	Elapsed: 0.491	Loglikelihood: -972712	(delta): 2.75425
32 (QN/Block) 	Elapsed: 0.486	Loglikelihood: -972709	(delta): 2.38852
33 (QN/Block) 	Elapsed: 0.458	Loglikelihood: -972706	(delta): 2.83407
34 (QN/Block) 	Elapsed: 0.407	Loglikelihood: -972704	(delta): 2.53825
35 (QN/Block) 	Elapsed: 0.408	Loglikelihood: -972701	(delta): 2.85468
36 (QN/Block) 	Elapsed: 0.406	Loglikelihood: -972698	(delta): 2.9751
37 (QN/Block) 	Elapsed: 0.431	Loglikelihood: -972696	(delta): 1.83459
38 (QN/Block) 	Elapsed: 0.431	Loglikelihood: -972695	(delta): 1.11176
39 (QN/Block) 	Elapsed: 0.437	Loglikelihood: -972694	(delta): 0.657846
40 (QN/Block) 	Elapsed: 0.409	Loglikelihood: -972693	(delta): 1.41387
41 (QN/Block) 	Elapsed: 0.412	Loglikelihood: -972691	(delta): 1.85903
42 (QN/Block) 	Elapsed: 0.411	Loglikelihood: -972689	(delta): 2.45156
43 (QN/Block) 	Elapsed: 0.411	Loglikelihood: -972686	(delta): 2.31104
44 (QN/Block) 	Elapsed: 0.433	Loglikelihood: -972686	(delta): 0.73693
45 (QN/Block) 	Elapsed: 0.437	Loglikelihood: -972685	(delta): 0.239478
46 (QN/Block) 	Elapsed: 0.403	Loglikelihood: -972685	(delta): 0.163298
47 (QN/Block) 	Elapsed: 0.405	Loglikelihood: -972685	(delta): 0.0622513
48 (QN/Block) 	Elapsed: 0.405	Loglikelihood: -972685	(delta): 0.0367698
49 (QN/Block) 	Elapsed: 0.406	Loglikelihood: -972685	(delta): 0.00420385
50 (QN/Block) 	Elapsed: 0.404	Loglikelihood: -972685	(delta): 0.000742089
51 (QN/Block) 	Elapsed: 0.404	Loglikelihood: -972685	(delta): 0.000109411
52 (QN/Block) 	Elapsed: 0.408	Loglikelihood: -972685	(delta): 6.55339e-05
Summary: 
Converged in 52 iterations (23.954 sec)
Loglikelihood: -972685.086474
Fst divergences between estimated populations: 
	Pop0	Pop1	
Pop0	
Pop1	0.023	
Pop2	0.743	0.715	
CV error (K=3): 0.19500
Writing output files.
